<?xml version="1.0" encoding="UTF-8"?>
<!DOCTYPE html PUBLIC "-//W3C//DTD XHTML 1.0 Strict//EN" "http://www.w3.org/TR/xhtml1/DTD/xhtml1-strict.dtd">
<html xmlns="http://www.w3.org/1999/xhtml">
<head>
    <title>Unit Test Report</title>
    <meta name="generator" content="HTMLTestRunner 0.8.2"/>
    <meta http-equiv="Content-Type" content="text/html; charset=UTF-8"/>
    
<style type="text/css" media="screen">
body        { font-family: verdana, arial, helvetica, sans-serif; font-size: 80%; }
table       { font-size: 100%; }
pre         { }

/* -- heading ---------------------------------------------------------------------- */
h1 {
	font-size: 16pt;
	color: gray;
}
.heading {
    margin-top: 0ex;
    margin-bottom: 1ex;
}

.heading .attribute {
    margin-top: 1ex;
    margin-bottom: 0;
}

.heading .description {
    margin-top: 4ex;
    margin-bottom: 6ex;
}

/* -- css div popup ------------------------------------------------------------------------ */
a.popup_link {
}

a.popup_link:hover {
    color: red;
}

.popup_window {
    display: none;
    position: relative;
    left: 0px;
    top: 0px;
    /*border: solid #627173 1px; */
    padding: 10px;
    background-color: #E6E6D6;
    font-family: "Lucida Console", "Courier New", Courier, monospace;
    text-align: left;
    font-size: 8pt;
    width: 500px;
}

}

--></script>

<div class='heading'>
<h1>Unit Test Report</h1>
<p class='attribute'><strong>Start Time:</strong> 2038-01-01 08:14:49</p>
<p class='attribute'><strong>Duration:</strong> 0:00:00.000500</p>
<p class='attribute'><strong>Status:</strong> Pass 2 Error 4</p>

<p class='description'></p>
</div>



<p id='show_detail_line'>Show
<a href='javascript:showCase(0)'>Summary</a>
<a href='javascript:showCase(1)'>Failed</a>
<a href='javascript:showCase(2)'>All</a>
</p>
<table id='result_table'>
<colgroup>
<col align='left' />
<col align='right' />
<col align='right' />
<col align='right' />
<col align='right' />
<col align='right' />
</colgroup>
<tr id='header_row'>
    <td>Test Group/Test case</td>
    <td>Count</td>
    <td>Pass</td>
    <td>Fail</td>
    <td>Error</td>
    <td>View</td>
</tr>

<tr class='errorClass'>
    <td>unittest.loader._FailedTest</td>
    <td>4</td>
    <td>0</td>
    <td>0</td>
    <td>4</td>
    <td><a href="javascript:showClassDetail('c1',4)">Detail</a></td>
</tr>

<tr id='ft1.1' class='none'>
    <td class='errorCase'><div class='testcase'>test_article</div></td>
    <td colspan='5' align='center'>

    <!--css div popup start-->
    <a class="popup_link" onfocus='this.blur();' href="javascript:showTestDetail('div_ft1.1')" >
        error</a>

    <div id='div_ft1.1' class="popup_window">
        <div style='text-align: right; color:red;cursor:pointer'>
        <a onfocus='this.blur();' onclick="document.getElementById('div_ft1.1').style.display = 'none' " >
           [x]</a>
        </div>
        <pre>
        
ft1.1: ImportError: Failed to import test module: test_article
Traceback (most recent call last):
  File "/Library/Frameworks/Python.framework/Versions/3.6/lib/python3.6/unittest/loader.py", line 428, in _find_test_path
    module = self._get_module_from_name(name)
  File "/Library/Frameworks/Python.framework/Versions/3.6/lib/python3.6/unittest/loader.py", line 369, in _get_module_from_name
    __import__(name)
  File "/Users/lgy/requests/day03/case/test_article.py", line 35, in &lt;module&gt;
    class TestArticle(unittest.TestCase):
  File "/Users/lgy/requests/day03/case/test_article.py", line 37, in TestArticle
    @parameterized.expand(get_data_add())
  File "/Users/lgy/requests/day03/case/test_article.py", line 13, in get_data_add
    data = ReadJson("article_add.json").read_json()
  File "/Users/lgy/requests/day03/tools/read_json.py", line 25, in read_json
    with open(self.filepath, "r", encoding="utf-8") as f:
FileNotFoundError: [Errno 2] No such file or directory: '../data/article_add.json'

ImportError: Failed to import test module: test_article
Traceback (most recent call last):
  File "/Library/Frameworks/Python.framework/Versions/3.6/lib/python3.6/unittest/loader.py", line 428, in _find_test_path
    module = self._get_module_from_name(name)
  File "/Library/Frameworks/Python.framework/Versions/3.6/lib/python3.6/unittest/loader.py", line 369, in _get_module_from_name
    __import__(name)
  File "/Users/lgy/requests/day03/case/test_article.py", line 35, in &lt;module&gt;
    class TestArticle(unittest.TestCase):
  File "/Users/lgy/requests/day03/case/test_article.py", line 37, in TestArticle
    @parameterized.expand(get_data_add())
  File "/Users/lgy/requests/day03/case/test_article.py", line 13, in get_data_add
    data = ReadJson("article_add.json").read_json()
  File "/Users/lgy/requests/day03/tools/read_json.py", line 25, in read_json
    with open(self.filepath, "r", encoding="utf-8") as f:
FileNotFoundError: [Errno 2] No such file or directory: '../data/article_add.json'



        </pre>
    </div>
    <!--css div popup end-->

    </td>
</tr>

<tr id='ft1.2' class='none'>
    <td class='errorCase'><div class='testcase'>test_channels</div></td>
    <td colspan='5' align='center'>

    <!--css div popup start-->
    <a class="popup_link" onfocus='this.blur();' href="javascript:showTestDetail('div_ft1.2')" >
        error</a>

    <div id='div_ft1.2' class="popup_window">
        <div style='text-align: right; color:red;cursor:pointer'>
        <a onfocus='this.blur();' onclick="document.getElementById('div_ft1.2').style.display = 'none' " >
           [x]</a>
        </div>
        <pre>
        
ft1.2: ImportError: Failed to import test module: test_channels
Traceback (most recent call last):
  File "/Library/Frameworks/Python.framework/Versions/3.6/lib/python3.6/unittest/loader.py", line 428, in _find_test_path
    module = self._get_module_from_name(name)
  File "/Library/Frameworks/Python.framework/Versions/3.6/lib/python3.6/unittest/loader.py", line 369, in _get_module_from_name
    __import__(name)
  File "/Users/lgy/requests/day03/case/test_channels.py", line 21, in &lt;module&gt;
    class TestClannels(unittest.TestCase):
  File "/Users/lgy/requests/day03/case/test_channels.py", line 23, in TestClannels
    @parameterized.expand(get_data())
  File "/Users/lgy/requests/day03/case/test_channels.py", line 10, in get_data
    data = ReadJson("channel.json").read_json()
  File "/Users/lgy/requests/day03/tools/read_json.py", line 25, in read_json
    with open(self.filepath, "r", encoding="utf-8") as f:
FileNotFoundError: [Errno 2] No such file or directory: '../data/channel.json'

ImportError: Failed to import test module: test_channels
Traceback (most recent call last):
  File "/Library/Frameworks/Python.framework/Versions/3.6/lib/python3.6/unittest/loader.py", line 428, in _find_test_path
    module = self._get_module_from_name(name)
  File "/Library/Frameworks/Python.framework/Versions/3.6/lib/python3.6/unittest/loader.py", line 369, in _get_module_from_name
    __import__(name)
  File "/Users/lgy/requests/day03/case/test_channels.py", line 21, in &lt;module&gt;
    class TestClannels(unittest.TestCase):
  File "/Users/lgy/requests/day03/case/test_channels.py", line 23, in TestClannels
    @parameterized.expand(get_data())
  File "/Users/lgy/requests/day03/case/test_channels.py", line 10, in get_data
    data = ReadJson("channel.json").read_json()
  File "/Users/lgy/requests/day03/tools/read_json.py", line 25, in read_json
    with open(self.filepath, "r", encoding="utf-8") as f:
FileNotFoundError: [Errno 2] No such file or directory: '../data/channel.json'



        </pre>
    </div>
    <!--css div popup end-->

    </td>
</tr>

<tr id='ft1.3' class='none'>
    <td class='errorCase'><div class='testcase'>test_login</div></td>
    <td colspan='5' align='center'>

    <!--css div popup start-->
    <a class="popup_link" onfocus='this.blur();' href="javascript:showTestDetail('div_ft1.3')" >
        error</a>

    <div id='div_ft1.3' class="popup_window">
        <div style='text-align: right; color:red;cursor:pointer'>
        <a onfocus='this.blur();' onclick="document.getElementById('div_ft1.3').style.display = 'none' " >
           [x]</a>
        </div>
        <pre>
        
ft1.3: ImportError: Failed to import test module: test_login
Traceback (most recent call last):
  File "/Library/Frameworks/Python.framework/Versions/3.6/lib/python3.6/unittest/loader.py", line 428, in _find_test_path
    module = self._get_module_from_name(name)
  File "/Library/Frameworks/Python.framework/Versions/3.6/lib/python3.6/unittest/loader.py", line 369, in _get_module_from_name
    __import__(name)
  File "/Users/lgy/requests/day03/case/test_login.py", line 25, in &lt;module&gt;
    class TestLogin(unittest.TestCase):
  File "/Users/lgy/requests/day03/case/test_login.py", line 27, in TestLogin
    @parameterized.expand(get_data())
  File "/Users/lgy/requests/day03/case/test_login.py", line 14, in get_data
    data = ReadJson("login.json").read_json()
  File "/Users/lgy/requests/day03/tools/read_json.py", line 25, in read_json
    with open(self.filepath, "r", encoding="utf-8") as f:
FileNotFoundError: [Errno 2] No such file or directory: '../data/login.json'

ImportError: Failed to import test module: test_login
Traceback (most recent call last):
  File "/Library/Frameworks/Python.framework/Versions/3.6/lib/python3.6/unittest/loader.py", line 428, in _find_test_path
    module = self._get_module_from_name(name)
  File "/Library/Frameworks/Python.framework/Versions/3.6/lib/python3.6/unittest/loader.py", line 369, in _get_module_from_name
    __import__(name)
  File "/Users/lgy/requests/day03/case/test_login.py", line 25, in &lt;module&gt;
    class TestLogin(unittest.TestCase):
  File "/Users/lgy/requests/day03/case/test_login.py", line 27, in TestLogin
    @parameterized.expand(get_data())
  File "/Users/lgy/requests/day03/case/test_login.py", line 14, in get_data
    data = ReadJson("login.json").read_json()
  File "/Users/lgy/requests/day03/tools/read_json.py", line 25, in read_json
    with open(self.filepath, "r", encoding="utf-8") as f:
FileNotFoundError: [Errno 2] No such file or directory: '../data/login.json'



        </pre>
    </div>
    <!--css div popup end-->

    </td>
</tr>

<tr id='ft1.4' class='none'>
    <td class='errorCase'><div class='testcase'>test_login_more</div></td>
    <td colspan='5' align='center'>

    <!--css div popup start-->
    <a class="popup_link" onfocus='this.blur();' href="javascript:showTestDetail('div_ft1.4')" >
        error</a>

    <div id='div_ft1.4' class="popup_window">
        <div style='text-align: right; color:red;cursor:pointer'>
        <a onfocus='this.blur();' onclick="document.getElementById('div_ft1.4').style.display = 'none' " >
           [x]</a>
        </div>
        <pre>
        
ft1.4: ImportError: Failed to import test module: test_login_more
Traceback (most recent call last):
  File "/Library/Frameworks/Python.framework/Versions/3.6/lib/python3.6/unittest/loader.py", line 428, in _find_test_path
    module = self._get_module_from_name(name)
  File "/Library/Frameworks/Python.framework/Versions/3.6/lib/python3.6/unittest/loader.py", line 369, in _get_module_from_name
    __import__(name)
  File "/Users/lgy/requests/day03/case/test_login_more.py", line 27, in &lt;module&gt;
    class TestLogin(unittest.TestCase):
  File "/Users/lgy/requests/day03/case/test_login_more.py", line 29, in TestLogin
    @parameterized.expand(get_data())
  File "/Users/lgy/requests/day03/case/test_login_more.py", line 14, in get_data
    datas = ReadJson("login_more.json").read_json()
  File "/Users/lgy/requests/day03/tools/read_json.py", line 25, in read_json
    with open(self.filepath, "r", encoding="utf-8") as f:
FileNotFoundError: [Errno 2] No such file or directory: '../data/login_more.json'

ImportError: Failed to import test module: test_login_more
Traceback (most recent call last):
  File "/Library/Frameworks/Python.framework/Versions/3.6/lib/python3.6/unittest/loader.py", line 428, in _find_test_path
    module = self._get_module_from_name(name)
  File "/Library/Frameworks/Python.framework/Versions/3.6/lib/python3.6/unittest/loader.py", line 369, in _get_module_from_name
    __import__(name)
  File "/Users/lgy/requests/day03/case/test_login_more.py", line 27, in &lt;module&gt;
    class TestLogin(unittest.TestCase):
  File "/Users/lgy/requests/day03/case/test_login_more.py", line 29, in TestLogin
    @parameterized.expand(get_data())
  File "/Users/lgy/requests/day03/case/test_login_more.py", line 14, in get_data
    datas = ReadJson("login_more.json").read_json()
  File "/Users/lgy/requests/day03/tools/read_json.py", line 25, in read_json
    with open(self.filepath, "r", encoding="utf-8") as f:
FileNotFoundError: [Errno 2] No such file or directory: '../data/login_more.json'



        </pre>
    </div>
    <!--css div popup end-->

    </td>
</tr>

<tr class='passClass'>
    <td>test_param.TestPara</td>
    <td>2</td>
    <td>2</td>
    <td>0</td>
    <td>0</td>
    <td><a href="javascript:showClassDetail('c2',2)">Detail</a></td>
</tr>

<tr id='pt2.1' class='hiddenRow'>
    <td class='none'><div class='testcase'>test_para_0_admin</div></td>
    <td colspan='5' align='center'>

    <!--css div popup start-->
    <a class="popup_link" onfocus='this.blur();' href="javascript:showTestDetail('div_pt2.1')" >
        pass</a>

    <div id='div_pt2.1' class="popup_window">
        <div style='text-align: right; color:red;cursor:pointer'>
        <a onfocus='this.blur();' onclick="document.getElementById('div_pt2.1').style.display = 'none' " >
           [x]</a>
        </div>
        <pre>
        
pt2.1: 

        </pre>
    </div>
    <!--css div popup end-->

    </td>
</tr>

<tr id='pt2.2' class='hiddenRow'>
    <td class='none'><div class='testcase'>test_para_1_user002</div></td>
    <td colspan='5' align='center'>

    <!--css div popup start-->
    <a class="popup_link" onfocus='this.blur();' href="javascript:showTestDetail('div_pt2.2')" >
        pass</a>

    <div id='div_pt2.2' class="popup_window">
        <div style='text-align: right; color:red;cursor:pointer'>
        <a onfocus='this.blur();' onclick="document.getElementById('div_pt2.2').style.display = 'none' " >
           [x]</a>
        </div>
        <pre>
        
pt2.2: 

        </pre>
    </div>
    <!--css div popup end-->

    </td>
</tr>

<tr id='total_row'>
    <td>Total</td>
    <td>6</td>
    <td>2</td>
    <td>0</td>
    <td>4</td>
    <td>&nbsp;</td>
</tr>
</table>

<div id='ending'>&nbsp;</div>

</body>
</html>
